{"name": "test_products_group", "status": "skipped", "statusDetails": {"message": "XFAIL Wait for fix bug\n\nselenium.common.exceptions.ElementClickInterceptedException: Message: element click intercepted: Element <a href=\"https://testqastudio.me?products_group=sale\" class=\"tab-sale \">...</a> is not clickable at point (708, 674). Other element would receive the click: <div class=\"catalog-toolbar-tabs__content\">...</div>\n  (Session info: chrome=123.0.6312.59)\nStacktrace:\n\tGetHandleVerifier [0x00007FF6181C70C2+63090]\n\t(No symbol) [0x00007FF618132D12]\n\t(No symbol) [0x00007FF617FCEC65]\n\t(No symbol) [0x00007FF61801BB34]\n\t(No symbol) [0x00007FF618019954]\n\t(No symbol) [0x00007FF618017164]\n\t(No symbol) [0x00007FF618015EF9]\n\t(No symbol) [0x00007FF61800A708]\n\t(No symbol) [0x00007FF618036FDA]\n\t(No symbol) [0x00007FF61800A00A]\n\t(No symbol) [0x00007FF6180371F0]\n\t(No symbol) [0x00007FF618053412]\n\t(No symbol) [0x00007FF618036D83]\n\t(No symbol) [0x00007FF6180083A8]\n\t(No symbol) [0x00007FF618009441]\n\tGetHandleVerifier [0x00007FF6185C262D+4238301]\n\tGetHandleVerifier [0x00007FF6185FF78D+4488509]\n\tGetHandleVerifier [0x00007FF6185F7A6F+4456479]\n\tGetHandleVerifier [0x00007FF6182A0606+953270]\n\t(No symbol) [0x00007FF61813E5DF]\n\t(No symbol) [0x00007FF6181392B4]\n\t(No symbol) [0x00007FF6181393EB]\n\t(No symbol) [0x00007FF618129C24]\n\tBaseThreadInitThunk [0x00007FFB43457344+20]\n\tRtlUserThreadStart [0x00007FFB440826B1+33]", "trace": "test_shop.py:48: in test_products_group\n    element.click()\n        browser    = <selenium.webdriver.chrome.webdriver.WebDriver (session=\"18f528943752a221edc82206d7b24ef1\")>\n        element    = <selenium.webdriver.remote.webelement.WebElement (session=\"18f528943752a221edc82206d7b24ef1\", element=\"f.303A38750CD15D5020825DA88CA887F7.d.2311CC5474632D12443709803A6591A2.e.105\")>\n        elements   = [<selenium.webdriver.remote.webelement.WebElement (session=\"18f528943752a221edc82206d7b24ef1\", element=\"f.303A38750CD1...528943752a221edc82206d7b24ef1\", element=\"f.303A38750CD15D5020825DA88CA887F7.d.3C7218F1CD93FB48691F0FF820DDA667.e.69\")>]\n        expected_menu = [('Все', '', \"[class='tab-all active']\"), ('Бестселлеры', '/?products_group=best_sellers', \"[class='tab-best_sellers '... '/?products_group=new', \"[class='tab-new ']\"), ('Распродажа товаров', '/?products_group=sale', \"[class='tab-sale ']\")]\n        item       = ('Распродажа товаров', '/?products_group=sale', \"[class='tab-sale ']\")\n        menu_element = \"[class='catalog-toolbar-tabs__content'] a\"\n..\\..\\AppData\\Local\\Programs\\Python\\Python312\\Lib\\site-packages\\selenium\\webdriver\\remote\\webelement.py:94: in click\n    self._execute(Command.CLICK_ELEMENT)\n        self       = <selenium.webdriver.remote.webelement.WebElement (session=\"18f528943752a221edc82206d7b24ef1\", element=\"f.303A38750CD15D5020825DA88CA887F7.d.2311CC5474632D12443709803A6591A2.e.105\")>\n..\\..\\AppData\\Local\\Programs\\Python\\Python312\\Lib\\site-packages\\selenium\\webdriver\\remote\\webelement.py:395: in _execute\n    return self._parent.execute(command, params)\n        command    = 'clickElement'\n        params     = {'id': 'f.303A38750CD15D5020825DA88CA887F7.d.2311CC5474632D12443709803A6591A2.e.105'}\n        self       = <selenium.webdriver.remote.webelement.WebElement (session=\"18f528943752a221edc82206d7b24ef1\", element=\"f.303A38750CD15D5020825DA88CA887F7.d.2311CC5474632D12443709803A6591A2.e.105\")>\n..\\..\\AppData\\Local\\Programs\\Python\\Python312\\Lib\\site-packages\\selenium\\webdriver\\remote\\webdriver.py:347: in execute\n    self.error_handler.check_response(response)\n        driver_command = 'clickElement'\n        params     = {}\n        response   = {'status': 400, 'value': '{\"value\":{\"error\":\"element click intercepted\",\"message\":\"element click intercepted: Element ...07FF618129C24]\\\\n\\\\tBaseThreadInitThunk [0x00007FFB43457344+20]\\\\n\\\\tRtlUserThreadStart [0x00007FFB440826B1+33]\\\\n\"}}'}\n        self       = <selenium.webdriver.chrome.webdriver.WebDriver (session=\"18f528943752a221edc82206d7b24ef1\")>\n..\\..\\AppData\\Local\\Programs\\Python\\Python312\\Lib\\site-packages\\selenium\\webdriver\\remote\\errorhandler.py:229: in check_response\n    raise exception_class(message, screen, stacktrace)\nE   selenium.common.exceptions.ElementClickInterceptedException: Message: element click intercepted: Element <a href=\"https://testqastudio.me?products_group=sale\" class=\"tab-sale \">...</a> is not clickable at point (708, 674). Other element would receive the click: <div class=\"catalog-toolbar-tabs__content\">...</div>\nE     (Session info: chrome=123.0.6312.59)\nE   Stacktrace:\nE   \tGetHandleVerifier [0x00007FF6181C70C2+63090]\nE   \t(No symbol) [0x00007FF618132D12]\nE   \t(No symbol) [0x00007FF617FCEC65]\nE   \t(No symbol) [0x00007FF61801BB34]\nE   \t(No symbol) [0x00007FF618019954]\nE   \t(No symbol) [0x00007FF618017164]\nE   \t(No symbol) [0x00007FF618015EF9]\nE   \t(No symbol) [0x00007FF61800A708]\nE   \t(No symbol) [0x00007FF618036FDA]\nE   \t(No symbol) [0x00007FF61800A00A]\nE   \t(No symbol) [0x00007FF6180371F0]\nE   \t(No symbol) [0x00007FF618053412]\nE   \t(No symbol) [0x00007FF618036D83]\nE   \t(No symbol) [0x00007FF6180083A8]\nE   \t(No symbol) [0x00007FF618009441]\nE   \tGetHandleVerifier [0x00007FF6185C262D+4238301]\nE   \tGetHandleVerifier [0x00007FF6185FF78D+4488509]\nE   \tGetHandleVerifier [0x00007FF6185F7A6F+4456479]\nE   \tGetHandleVerifier [0x00007FF6182A0606+953270]\nE   \t(No symbol) [0x00007FF61813E5DF]\nE   \t(No symbol) [0x00007FF6181392B4]\nE   \t(No symbol) [0x00007FF6181393EB]\nE   \t(No symbol) [0x00007FF618129C24]\nE   \tBaseThreadInitThunk [0x00007FFB43457344+20]\nE   \tRtlUserThreadStart [0x00007FFB440826B1+33]\n        e          = <selenium.webdriver.remote.errorhandler.ErrorCode object at 0x000002428F6477D0>\n        error_code = 'ELEMENT_CLICK_INTERCEPTED'\n        error_codes = ['ELEMENT_CLICK_INTERCEPTED', 'ELEMENT_IS_NOT_SELECTABLE', 'ELEMENT_NOT_INTERACTABLE', 'ELEMENT_NOT_VISIBLE', 'IME_ENGINE_ACTIVATION_FAILED', 'IME_NOT_AVAILABLE', ...]\n        error_info = [64, 'element click intercepted']\n        exception_class = <class 'selenium.common.exceptions.ElementClickInterceptedException'>\n        json       = <module 'json' from 'C:\\\\Users\\\\Internet\\\\AppData\\\\Local\\\\Programs\\\\Python\\\\Python312\\\\Lib\\\\json\\\\__init__.py'>\n        message    = 'element click intercepted: Element <a href=\"https://testqastudio.me?products_group=sale\" class=\"tab-sale \">...</a> is... would receive the click: <div class=\"catalog-toolbar-tabs__content\">...</div>\\n  (Session info: chrome=123.0.6312.59)'\n        response   = {'status': 400, 'value': '{\"value\":{\"error\":\"element click intercepted\",\"message\":\"element click intercepted: Element ...07FF618129C24]\\\\n\\\\tBaseThreadInitThunk [0x00007FFB43457344+20]\\\\n\\\\tRtlUserThreadStart [0x00007FFB440826B1+33]\\\\n\"}}'}\n        screen     = None\n        self       = <selenium.webdriver.remote.errorhandler.ErrorHandler object at 0x0000024290205FA0>\n        st_value   = '\\tGetHandleVerifier [0x00007FF6181C70C2+63090]\\n\\t(No symbol) [0x00007FF618132D12]\\n\\t(No symbol) [0x00007FF617FCEC65...l) [0x00007FF618129C24]\\n\\tBaseThreadInitThunk [0x00007FFB43457344+20]\\n\\tRtlUserThreadStart [0x00007FFB440826B1+33]\\n'\n        stacktrace = ['\\tGetHandleVerifier [0x00007FF6181C70C2+63090]', '\\t(No symbol) [0x00007FF618132D12]', '\\t(No symbol) [0x00007FF617F... '\\t(No symbol) [0x00007FF61801BB34]', '\\t(No symbol) [0x00007FF618019954]', '\\t(No symbol) [0x00007FF618017164]', ...]\n        status     = 'element click intercepted'\n        value      = {'error': 'element click intercepted', 'message': 'element click intercepted: Element <a href=\"https://testqastudio.me...) [0x00007FF618129C24]\\n\\tBaseThreadInitThunk [0x00007FFB43457344+20]\\n\\tRtlUserThreadStart [0x00007FFB440826B1+33]\\n'}\n        value_json = '{\"value\":{\"error\":\"element click intercepted\",\"message\":\"element click intercepted: Element \\\\u003Ca href=\\\\\"https://...007FF618129C24]\\\\n\\\\tBaseThreadInitThunk [0x00007FFB43457344+20]\\\\n\\\\tRtlUserThreadStart [0x00007FFB440826B1+33]\\\\n\"}}'"}, "description": "\n    Test case TC-2\n    ", "start": 1711484100067, "stop": 1711484107121, "uuid": "85121ba2-f3b5-4309-94de-af1c4d4543a8", "historyId": "661b4d561aa9283d092c863c736f17f8", "testCaseId": "661b4d561aa9283d092c863c736f17f8", "fullName": "test_shop#test_products_group", "labels": [{"name": "tag", "value": "@pytest.mark.xfail(reason='Wait for fix bug')"}, {"name": "suite", "value": "test_shop"}, {"name": "host", "value": "DESKTOP-1I1939D"}, {"name": "thread", "value": "1580-MainThread"}, {"name": "framework", "value": "pytest"}, {"name": "language", "value": "cpython3"}, {"name": "package", "value": "test_shop"}]}